{"C:\\Users\\juan_\\Documents\\Cursos\\React-Curso-Fernando-Herrera\\src\\FirstStepsApp.tsx": {"path":"C:\\Users\\juan_\\Documents\\Cursos\\React-Curso-Fernando-Herrera\\src\\FirstStepsApp.tsx","all":false,"statementMap":{"0":{"start":{"line":1,"column":0},"end":{"line":1,"column":54}},"8":{"start":{"line":9,"column":0},"end":{"line":9,"column":35}},"9":{"start":{"line":10,"column":0},"end":{"line":10,"column":46}},"10":{"start":{"line":11,"column":0},"end":{"line":11,"column":50}},"11":{"start":{"line":12,"column":0},"end":{"line":12,"column":54}},"12":{"start":{"line":13,"column":0},"end":{"line":13,"column":2}},"14":{"start":{"line":15,"column":0},"end":{"line":15,"column":33}},"15":{"start":{"line":16,"column":0},"end":{"line":16,"column":10}},"16":{"start":{"line":17,"column":0},"end":{"line":17,"column":6}},"17":{"start":{"line":18,"column":0},"end":{"line":18,"column":29}},"18":{"start":{"line":19,"column":0},"end":{"line":19,"column":34}},"19":{"start":{"line":20,"column":0},"end":{"line":20,"column":20}},"20":{"start":{"line":21,"column":0},"end":{"line":21,"column":23}},"21":{"start":{"line":22,"column":0},"end":{"line":22,"column":40}},"22":{"start":{"line":23,"column":0},"end":{"line":23,"column":34}},"31":{"start":{"line":32,"column":0},"end":{"line":32,"column":1}}},"s":{"0":1,"8":1,"9":1,"10":1,"11":1,"12":1,"14":1,"15":3,"16":3,"17":3,"18":3,"19":3,"20":3,"21":3,"22":3,"31":3},"branchMap":{"0":{"type":"branch","line":15,"loc":{"start":{"line":15,"column":7},"end":{"line":32,"column":1}},"locations":[{"start":{"line":15,"column":7},"end":{"line":32,"column":1}}]}},"b":{"0":[3]},"fnMap":{"0":{"name":"FirstStepsApp","decl":{"start":{"line":15,"column":7},"end":{"line":32,"column":1}},"loc":{"start":{"line":15,"column":7},"end":{"line":32,"column":1}},"line":15}},"f":{"0":3}}
,"C:\\Users\\juan_\\Documents\\Cursos\\React-Curso-Fernando-Herrera\\src\\MyAwesomeApp.tsx": {"path":"C:\\Users\\juan_\\Documents\\Cursos\\React-Curso-Fernando-Herrera\\src\\MyAwesomeApp.tsx","all":false,"statementMap":{"2":{"start":{"line":3,"column":0},"end":{"line":3,"column":33}},"3":{"start":{"line":4,"column":0},"end":{"line":4,"column":29}},"4":{"start":{"line":5,"column":0},"end":{"line":5,"column":19}},"5":{"start":{"line":6,"column":0},"end":{"line":6,"column":14}},"6":{"start":{"line":7,"column":0},"end":{"line":7,"column":2}},"8":{"start":{"line":9,"column":0},"end":{"line":9,"column":30}},"9":{"start":{"line":10,"column":0},"end":{"line":10,"column":7}},"10":{"start":{"line":11,"column":0},"end":{"line":11,"column":11}},"14":{"start":{"line":15,"column":0},"end":{"line":15,"column":4}},"15":{"start":{"line":16,"column":0},"end":{"line":16,"column":10}},"16":{"start":{"line":17,"column":0},"end":{"line":17,"column":25}},"17":{"start":{"line":18,"column":0},"end":{"line":18,"column":28}},"20":{"start":{"line":21,"column":0},"end":{"line":21,"column":1}}},"s":{"2":1,"3":1,"4":1,"5":1,"6":1,"8":1,"9":3,"10":3,"14":3,"15":3,"16":3,"17":3,"20":3},"branchMap":{"0":{"type":"branch","line":9,"loc":{"start":{"line":9,"column":7},"end":{"line":21,"column":1}},"locations":[{"start":{"line":9,"column":7},"end":{"line":21,"column":1}}]}},"b":{"0":[3]},"fnMap":{"0":{"name":"MyAwesomeApp","decl":{"start":{"line":9,"column":7},"end":{"line":21,"column":1}},"loc":{"start":{"line":9,"column":7},"end":{"line":21,"column":1}},"line":9}},"f":{"0":3}}
,"C:\\Users\\juan_\\Documents\\Cursos\\React-Curso-Fernando-Herrera\\src\\main.tsx": {"path":"C:\\Users\\juan_\\Documents\\Cursos\\React-Curso-Fernando-Herrera\\src\\main.tsx","all":true,"statementMap":{"0":{"start":{"line":1,"column":0},"end":{"line":1,"column":35}},"1":{"start":{"line":2,"column":0},"end":{"line":2,"column":46}},"2":{"start":{"line":3,"column":0},"end":{"line":3,"column":48}},"5":{"start":{"line":6,"column":0},"end":{"line":6,"column":52}},"6":{"start":{"line":7,"column":0},"end":{"line":7,"column":14}},"7":{"start":{"line":8,"column":0},"end":{"line":8,"column":21}}},"s":{"0":0,"1":0,"2":0,"5":0,"6":0,"7":0},"branchMap":{"0":{"type":"branch","line":1,"loc":{"start":{"line":1,"column":297},"end":{"line":10,"column":2}},"locations":[{"start":{"line":1,"column":297},"end":{"line":10,"column":2}}]}},"b":{"0":[0]},"fnMap":{"0":{"name":"(empty-report)","decl":{"start":{"line":1,"column":297},"end":{"line":10,"column":2}},"loc":{"start":{"line":1,"column":297},"end":{"line":10,"column":2}},"line":1}},"f":{"0":0}}
,"C:\\Users\\juan_\\Documents\\Cursos\\React-Curso-Fernando-Herrera\\src\\helpers\\math.helper.ts": {"path":"C:\\Users\\juan_\\Documents\\Cursos\\React-Curso-Fernando-Herrera\\src\\helpers\\math.helper.ts","all":false,"statementMap":{"0":{"start":{"line":1,"column":0},"end":{"line":1,"column":54}},"1":{"start":{"line":2,"column":0},"end":{"line":2,"column":15}},"2":{"start":{"line":3,"column":0},"end":{"line":3,"column":2}},"4":{"start":{"line":5,"column":0},"end":{"line":5,"column":59}},"5":{"start":{"line":6,"column":0},"end":{"line":6,"column":15}},"6":{"start":{"line":7,"column":0},"end":{"line":7,"column":2}},"8":{"start":{"line":9,"column":0},"end":{"line":9,"column":59}},"9":{"start":{"line":10,"column":0},"end":{"line":10,"column":15}},"10":{"start":{"line":11,"column":0},"end":{"line":11,"column":2}},"12":{"start":{"line":13,"column":0},"end":{"line":13,"column":57}},"13":{"start":{"line":14,"column":0},"end":{"line":14,"column":15}},"14":{"start":{"line":15,"column":0},"end":{"line":15,"column":2}}},"s":{"0":1,"1":1,"2":1,"4":1,"5":1,"6":1,"8":1,"9":1,"10":1,"12":1,"13":0,"14":0},"branchMap":{"0":{"type":"branch","line":1,"loc":{"start":{"line":1,"column":19},"end":{"line":3,"column":2}},"locations":[{"start":{"line":1,"column":19},"end":{"line":3,"column":2}}]},"1":{"type":"branch","line":5,"loc":{"start":{"line":5,"column":24},"end":{"line":7,"column":2}},"locations":[{"start":{"line":5,"column":24},"end":{"line":7,"column":2}}]},"2":{"type":"branch","line":9,"loc":{"start":{"line":9,"column":24},"end":{"line":11,"column":2}},"locations":[{"start":{"line":9,"column":24},"end":{"line":11,"column":2}}]}},"b":{"0":[1],"1":[1],"2":[1]},"fnMap":{"0":{"name":"add","decl":{"start":{"line":1,"column":19},"end":{"line":3,"column":2}},"loc":{"start":{"line":1,"column":19},"end":{"line":3,"column":2}},"line":1},"1":{"name":"subtract","decl":{"start":{"line":5,"column":24},"end":{"line":7,"column":2}},"loc":{"start":{"line":5,"column":24},"end":{"line":7,"column":2}},"line":5},"2":{"name":"multiply","decl":{"start":{"line":9,"column":24},"end":{"line":11,"column":2}},"loc":{"start":{"line":9,"column":24},"end":{"line":11,"column":2}},"line":9},"3":{"name":"divide","decl":{"start":{"line":13,"column":22},"end":{"line":15,"column":2}},"loc":{"start":{"line":13,"column":22},"end":{"line":15,"column":2}},"line":13}},"f":{"0":1,"1":1,"2":1,"3":0}}
,"C:\\Users\\juan_\\Documents\\Cursos\\React-Curso-Fernando-Herrera\\src\\shopping-cart\\ItemCounter.tsx": {"path":"C:\\Users\\juan_\\Documents\\Cursos\\React-Curso-Fernando-Herrera\\src\\shopping-cart\\ItemCounter.tsx","all":false,"statementMap":{"0":{"start":{"line":1,"column":0},"end":{"line":1,"column":33}},"2":{"start":{"line":3,"column":0},"end":{"line":3,"column":29}},"3":{"start":{"line":4,"column":0},"end":{"line":4,"column":46}},"10":{"start":{"line":11,"column":0},"end":{"line":11,"column":65}},"11":{"start":{"line":12,"column":0},"end":{"line":12,"column":47}},"13":{"start":{"line":14,"column":0},"end":{"line":14,"column":27}},"14":{"start":{"line":15,"column":0},"end":{"line":15,"column":28}},"15":{"start":{"line":16,"column":0},"end":{"line":16,"column":24}},"16":{"start":{"line":17,"column":0},"end":{"line":17,"column":4}},"18":{"start":{"line":19,"column":0},"end":{"line":19,"column":32}},"19":{"start":{"line":20,"column":0},"end":{"line":20,"column":28}},"20":{"start":{"line":21,"column":0},"end":{"line":21,"column":24}},"21":{"start":{"line":22,"column":0},"end":{"line":22,"column":4}},"23":{"start":{"line":24,"column":0},"end":{"line":24,"column":10}},"24":{"start":{"line":25,"column":0},"end":{"line":25,"column":12}},"25":{"start":{"line":26,"column":0},"end":{"line":26,"column":36}},"34":{"start":{"line":35,"column":0},"end":{"line":35,"column":11}},"35":{"start":{"line":36,"column":0},"end":{"line":36,"column":39}},"36":{"start":{"line":37,"column":0},"end":{"line":37,"column":56}},"38":{"start":{"line":39,"column":0},"end":{"line":39,"column":21}},"40":{"start":{"line":41,"column":0},"end":{"line":41,"column":45}},"41":{"start":{"line":42,"column":0},"end":{"line":42,"column":26}},"42":{"start":{"line":43,"column":0},"end":{"line":43,"column":50}},"45":{"start":{"line":46,"column":0},"end":{"line":46,"column":2}},"47":{"start":{"line":48,"column":0},"end":{"line":48,"column":27}}},"s":{"0":1,"2":1,"3":1,"10":1,"11":9,"13":9,"14":1,"15":1,"16":1,"18":9,"19":2,"20":1,"21":1,"23":9,"24":9,"25":9,"34":9,"35":9,"36":9,"38":9,"40":9,"41":9,"42":9,"45":9,"47":1},"branchMap":{"0":{"type":"branch","line":11,"loc":{"start":{"line":11,"column":20},"end":{"line":46,"column":2}},"locations":[{"start":{"line":11,"column":20},"end":{"line":46,"column":2}}]},"1":{"type":"branch","line":37,"loc":{"start":{"line":37,"column":34},"end":{"line":37,"column":46}},"locations":[{"start":{"line":37,"column":34},"end":{"line":37,"column":46}}]},"2":{"type":"branch","line":37,"loc":{"start":{"line":37,"column":38},"end":{"line":37,"column":54}},"locations":[{"start":{"line":37,"column":38},"end":{"line":37,"column":54}}]},"3":{"type":"branch","line":14,"loc":{"start":{"line":14,"column":20},"end":{"line":17,"column":4}},"locations":[{"start":{"line":14,"column":20},"end":{"line":17,"column":4}}]},"4":{"type":"branch","line":15,"loc":{"start":{"line":15,"column":21},"end":{"line":15,"column":28}},"locations":[{"start":{"line":15,"column":21},"end":{"line":15,"column":28}}]},"5":{"type":"branch","line":19,"loc":{"start":{"line":19,"column":25},"end":{"line":22,"column":4}},"locations":[{"start":{"line":19,"column":25},"end":{"line":22,"column":4}}]},"6":{"type":"branch","line":20,"loc":{"start":{"line":20,"column":21},"end":{"line":22,"column":4}},"locations":[{"start":{"line":20,"column":21},"end":{"line":22,"column":4}}]}},"b":{"0":[9],"1":[3],"2":[6],"3":[1],"4":[0],"5":[2],"6":[1]},"fnMap":{"0":{"name":"ItemCounter","decl":{"start":{"line":11,"column":20},"end":{"line":46,"column":2}},"loc":{"start":{"line":11,"column":20},"end":{"line":46,"column":2}},"line":11},"1":{"name":"handleAdd","decl":{"start":{"line":14,"column":20},"end":{"line":17,"column":4}},"loc":{"start":{"line":14,"column":20},"end":{"line":17,"column":4}},"line":14},"2":{"name":"handleSubtract","decl":{"start":{"line":19,"column":25},"end":{"line":22,"column":4}},"loc":{"start":{"line":19,"column":25},"end":{"line":22,"column":4}},"line":19}},"f":{"0":9,"1":1,"2":2}}
}
